<?xml version="1.0" encoding="UTF-8"?>
<!-- Generated by org.testng.reporters.JUnitReportReporter -->
<testsuite skipped="0" hostname="DESKTOP-J501B1P" name="testscripts.LoginTest" tests="1" failures="0" timestamp="09 Aug 2023 18:10:32 GMT" time="26.105" errors="0">
  <testcase name="verifyLogin" time="26.105" classname="testscripts.LoginTest"/>
</testsuite> <!-- testscripts.LoginTest -->
