<?xml version="1.0" encoding="UTF-8"?>
<!-- Generated by org.testng.reporters.JUnitReportReporter -->
<testsuite skipped="0" hostname="DESKTOP-J501B1P" name="temp.FirstTest" tests="1" failures="0" timestamp="09 Aug 2023 16:37:55 GMT" time="0.008" errors="0">
  <testcase name="display" time="0.008" classname="temp.FirstTest"/>
</testsuite> <!-- temp.FirstTest -->
