<?xml version="1.0" encoding="UTF-8"?>
<!-- Generated by org.testng.reporters.JUnitReportReporter -->
<testsuite skipped="0" hostname="DESKTOP-J501B1P" name="testscripts.TC7_UpdateOrganizationNameTest" tests="1" failures="0" timestamp="11 Aug 2023 16:34:05 GMT" time="42.426" errors="0">
  <testcase name="UpdateCompanyName" time="42.426" classname="testscripts.TC7_UpdateOrganizationNameTest"/>
</testsuite> <!-- testscripts.TC7_UpdateOrganizationNameTest -->
